<?xml version="1.0" encoding="UTF-8"?>
<robot generator="Robot 7.0.1 (Python 3.12.4 on win32)" generated="2024-12-06T17:29:12.342485" rpa="false" schemaversion="5">
<suite id="s1" name="Doppee" source="C:\Users\Sirot.t\Documents\new-joiner\DoppeeAssignment\testcase\doppee.robot">
<test id="s1-t1" name="TC001-Verify That User Can Register And Make Payment Successfully" line="34">
<kw name="Generate Random Email" owner="common">
<kw name="Generate Random Unique Number" owner="common">
<kw name="Create List" owner="BuiltIn">
<msg time="2024-12-06T17:29:12.572241" level="INFO">${numbers} = ['1', '2', '3', '4', '5', '6', '7', '8', '9', '10']</msg>
<var>${numbers}</var>
<arg>1</arg>
<arg>2</arg>
<arg>3</arg>
<arg>4</arg>
<arg>5</arg>
<arg>6</arg>
<arg>7</arg>
<arg>8</arg>
<arg>9</arg>
<arg>10</arg>
<doc>Returns a list containing given items.</doc>
<status status="PASS" start="2024-12-06T17:29:12.572241" elapsed="0.000000"/>
</kw>
<kw name="Create List" owner="BuiltIn">
<msg time="2024-12-06T17:29:12.572241" level="INFO">${random_numbers} = []</msg>
<var>${random_numbers}</var>
<doc>Returns a list containing given items.</doc>
<status status="PASS" start="2024-12-06T17:29:12.572241" elapsed="0.000000"/>
</kw>
<for flavor="IN RANGE">
<iter>
<kw name="Get Length" owner="BuiltIn">
<msg time="2024-12-06T17:29:12.572241" level="INFO">Length is 10.</msg>
<msg time="2024-12-06T17:29:12.572241" level="INFO">${length} = 10</msg>
<var>${length}</var>
<arg>${numbers}</arg>
<doc>Returns and logs the length of the given item as an integer.</doc>
<status status="PASS" start="2024-12-06T17:29:12.572241" elapsed="0.000000"/>
</kw>
<kw name="Generate Random Number" owner="common">
<kw name="Evaluate" owner="BuiltIn">
<msg time="2024-12-06T17:29:12.573239" level="INFO">${number} = 3</msg>
<var>${number}</var>
<arg>random.randint(${min}, ${max})</arg>
<doc>Evaluates the given expression in Python and returns the result.</doc>
<status status="PASS" start="2024-12-06T17:29:12.573239" elapsed="0.000000"/>
</kw>
<return>
<value>${number}</value>
<status status="PASS" start="2024-12-06T17:29:12.573239" elapsed="0.000000"/>
</return>
<msg time="2024-12-06T17:29:12.573239" level="INFO">${random_index} = 3</msg>
<var>${random_index}</var>
<arg>0</arg>
<arg>${length - 1}</arg>
<status status="PASS" start="2024-12-06T17:29:12.573239" elapsed="0.000000"/>
</kw>
<kw name="Get From List" owner="Collections">
<msg time="2024-12-06T17:29:12.573239" level="INFO">${random_number} = 4</msg>
<var>${random_number}</var>
<arg>${numbers}</arg>
<arg>${random_index}</arg>
<doc>Returns the value specified with an ``index`` from ``list``.</doc>
<status status="PASS" start="2024-12-06T17:29:12.573239" elapsed="0.000000"/>
</kw>
<kw name="Append To List" owner="Collections">
<arg>${random_numbers}</arg>
<arg>${random_number}</arg>
<doc>Adds ``values`` to the end of ``list``.</doc>
<status status="PASS" start="2024-12-06T17:29:12.573239" elapsed="0.000000"/>
</kw>
<kw name="Remove From List" owner="Collections">
<arg>${numbers}</arg>
<arg>${random_index}</arg>
<doc>Removes and returns the value specified with an ``index`` from ``list``.</doc>
<status status="PASS" start="2024-12-06T17:29:12.573239" elapsed="0.001601"/>
</kw>
<var name="${i}">0</var>
<status status="PASS" start="2024-12-06T17:29:12.572241" elapsed="0.002599"/>
</iter>
<iter>
<kw name="Get Length" owner="BuiltIn">
<msg time="2024-12-06T17:29:12.574840" level="INFO">Length is 9.</msg>
<msg time="2024-12-06T17:29:12.574840" level="INFO">${length} = 9</msg>
<var>${length}</var>
<arg>${numbers}</arg>
<doc>Returns and logs the length of the given item as an integer.</doc>
<status status="PASS" start="2024-12-06T17:29:12.574840" elapsed="0.000000"/>
</kw>
<kw name="Generate Random Number" owner="common">
<kw name="Evaluate" owner="BuiltIn">
<msg time="2024-12-06T17:29:12.575866" level="INFO">${number} = 6</msg>
<var>${number}</var>
<arg>random.randint(${min}, ${max})</arg>
<doc>Evaluates the given expression in Python and returns the result.</doc>
<status status="PASS" start="2024-12-06T17:29:12.574840" elapsed="0.001026"/>
</kw>
<return>
<value>${number}</value>
<status status="PASS" start="2024-12-06T17:29:12.575866" elapsed="0.000000"/>
</return>
<msg time="2024-12-06T17:29:12.575866" level="INFO">${random_index} = 6</msg>
<var>${random_index}</var>
<arg>0</arg>
<arg>${length - 1}</arg>
<status status="PASS" start="2024-12-06T17:29:12.574840" elapsed="0.001026"/>
</kw>
<kw name="Get From List" owner="Collections">
<msg time="2024-12-06T17:29:12.575866" level="INFO">${random_number} = 8</msg>
<var>${random_number}</var>
<arg>${numbers}</arg>
<arg>${random_index}</arg>
<doc>Returns the value specified with an ``index`` from ``list``.</doc>
<status status="PASS" start="2024-12-06T17:29:12.575866" elapsed="0.000000"/>
</kw>
<kw name="Append To List" owner="Collections">
<arg>${random_numbers}</arg>
<arg>${random_number}</arg>
<doc>Adds ``values`` to the end of ``list``.</doc>
<status status="PASS" start="2024-12-06T17:29:12.575866" elapsed="0.000000"/>
</kw>
<kw name="Remove From List" owner="Collections">
<arg>${numbers}</arg>
<arg>${random_index}</arg>
<doc>Removes and returns the value specified with an ``index`` from ``list``.</doc>
<status status="PASS" start="2024-12-06T17:29:12.575866" elapsed="0.000000"/>
</kw>
<var name="${i}">1</var>
<status status="PASS" start="2024-12-06T17:29:12.574840" elapsed="0.001026"/>
</iter>
<iter>
<kw name="Get Length" owner="BuiltIn">
<msg time="2024-12-06T17:29:12.576954" level="INFO">Length is 8.</msg>
<msg time="2024-12-06T17:29:12.576954" level="INFO">${length} = 8</msg>
<var>${length}</var>
<arg>${numbers}</arg>
<doc>Returns and logs the length of the given item as an integer.</doc>
<status status="PASS" start="2024-12-06T17:29:12.575866" elapsed="0.001088"/>
</kw>
<kw name="Generate Random Number" owner="common">
<kw name="Evaluate" owner="BuiltIn">
<msg time="2024-12-06T17:29:12.577558" level="INFO">${number} = 4</msg>
<var>${number}</var>
<arg>random.randint(${min}, ${max})</arg>
<doc>Evaluates the given expression in Python and returns the result.</doc>
<status status="PASS" start="2024-12-06T17:29:12.577558" elapsed="0.000000"/>
</kw>
<return>
<value>${number}</value>
<status status="PASS" start="2024-12-06T17:29:12.577558" elapsed="0.000000"/>
</return>
<msg time="2024-12-06T17:29:12.577558" level="INFO">${random_index} = 4</msg>
<var>${random_index}</var>
<arg>0</arg>
<arg>${length - 1}</arg>
<status status="PASS" start="2024-12-06T17:29:12.576954" elapsed="0.000604"/>
</kw>
<kw name="Get From List" owner="Collections">
<msg time="2024-12-06T17:29:12.577558" level="INFO">${random_number} = 6</msg>
<var>${random_number}</var>
<arg>${numbers}</arg>
<arg>${random_index}</arg>
<doc>Returns the value specified with an ``index`` from ``list``.</doc>
<status status="PASS" start="2024-12-06T17:29:12.577558" elapsed="0.000000"/>
</kw>
<kw name="Append To List" owner="Collections">
<arg>${random_numbers}</arg>
<arg>${random_number}</arg>
<doc>Adds ``values`` to the end of ``list``.</doc>
<status status="PASS" start="2024-12-06T17:29:12.577558" elapsed="0.000000"/>
</kw>
<kw name="Remove From List" owner="Collections">
<arg>${numbers}</arg>
<arg>${random_index}</arg>
<doc>Removes and returns the value specified with an ``index`` from ``list``.</doc>
<status status="PASS" start="2024-12-06T17:29:12.577558" elapsed="0.000000"/>
</kw>
<var name="${i}">2</var>
<status status="PASS" start="2024-12-06T17:29:12.575866" elapsed="0.001692"/>
</iter>
<iter>
<kw name="Get Length" owner="BuiltIn">
<msg time="2024-12-06T17:29:12.578664" level="INFO">Length is 7.</msg>
<msg time="2024-12-06T17:29:12.578664" level="INFO">${length} = 7</msg>
<var>${length}</var>
<arg>${numbers}</arg>
<doc>Returns and logs the length of the given item as an integer.</doc>
<status status="PASS" start="2024-12-06T17:29:12.577558" elapsed="0.001106"/>
</kw>
<kw name="Generate Random Number" owner="common">
<kw name="Evaluate" owner="BuiltIn">
<msg time="2024-12-06T17:29:12.578664" level="INFO">${number} = 5</msg>
<var>${number}</var>
<arg>random.randint(${min}, ${max})</arg>
<doc>Evaluates the given expression in Python and returns the result.</doc>
<status status="PASS" start="2024-12-06T17:29:12.578664" elapsed="0.000000"/>
</kw>
<return>
<value>${number}</value>
<status status="PASS" start="2024-12-06T17:29:12.578664" elapsed="0.000000"/>
</return>
<msg time="2024-12-06T17:29:12.578664" level="INFO">${random_index} = 5</msg>
<var>${random_index}</var>
<arg>0</arg>
<arg>${length - 1}</arg>
<status status="PASS" start="2024-12-06T17:29:12.578664" elapsed="0.000000"/>
</kw>
<kw name="Get From List" owner="Collections">
<msg time="2024-12-06T17:29:12.579638" level="INFO">${random_number} = 9</msg>
<var>${random_number}</var>
<arg>${numbers}</arg>
<arg>${random_index}</arg>
<doc>Returns the value specified with an ``index`` from ``list``.</doc>
<status status="PASS" start="2024-12-06T17:29:12.579638" elapsed="0.000000"/>
</kw>
<kw name="Append To List" owner="Collections">
<arg>${random_numbers}</arg>
<arg>${random_number}</arg>
<doc>Adds ``values`` to the end of ``list``.</doc>
<status status="PASS" start="2024-12-06T17:29:12.579638" elapsed="0.000000"/>
</kw>
<kw name="Remove From List" owner="Collections">
<arg>${numbers}</arg>
<arg>${random_index}</arg>
<doc>Removes and returns the value specified with an ``index`` from ``list``.</doc>
<status status="PASS" start="2024-12-06T17:29:12.580565" elapsed="0.000000"/>
</kw>
<var name="${i}">3</var>
<status status="PASS" start="2024-12-06T17:29:12.577558" elapsed="0.003007"/>
</iter>
<var>${i}</var>
<value>4</value>
<status status="PASS" start="2024-12-06T17:29:12.572241" elapsed="0.008324"/>
</for>
<return>
<value>${random_numbers}</value>
<status status="PASS" start="2024-12-06T17:29:12.580565" elapsed="0.000000"/>
</return>
<msg time="2024-12-06T17:29:12.581569" level="INFO">${random_numbers} = ['4', '8', '6', '9']</msg>
<var>${random_numbers}</var>
<status status="PASS" start="2024-12-06T17:29:12.571139" elapsed="0.010430"/>
</kw>
<kw name="Join List Into String" owner="common">
<kw name="Evaluate" owner="BuiltIn">
<msg time="2024-12-06T17:29:12.582566" level="INFO">${joined_string} = 4_8_6_9</msg>
<var>${joined_string}</var>
<arg>'${separator}'.join(${list})</arg>
<doc>Evaluates the given expression in Python and returns the result.</doc>
<status status="PASS" start="2024-12-06T17:29:12.582566" elapsed="0.000000"/>
</kw>
<return>
<value>${joined_string}</value>
<status status="PASS" start="2024-12-06T17:29:12.582566" elapsed="0.000000"/>
</return>
<msg time="2024-12-06T17:29:12.582566" level="INFO">${random_number_string} = 4_8_6_9</msg>
<var>${random_number_string}</var>
<arg>${random_numbers}</arg>
<arg>_</arg>
<status status="PASS" start="2024-12-06T17:29:12.581569" elapsed="0.000997"/>
</kw>
<kw name="Set Variable" owner="BuiltIn">
<msg time="2024-12-06T17:29:12.583611" level="INFO">${random_email} = example4_8_6_9@gmail.com</msg>
<var>${random_email}</var>
<arg>example${random_number_string}@gmail.com</arg>
<doc>Returns the given values which can then be assigned to a variables.</doc>
<status status="PASS" start="2024-12-06T17:29:12.582566" elapsed="0.001045"/>
</kw>
<return>
<value>${random_email}</value>
<status status="PASS" start="2024-12-06T17:29:12.583611" elapsed="0.000000"/>
</return>
<msg time="2024-12-06T17:29:12.583611" level="INFO">${register_user} = example4_8_6_9@gmail.com</msg>
<var>${register_user}</var>
<status status="PASS" start="2024-12-06T17:29:12.571139" elapsed="0.012472"/>
</kw>
<kw name="Set Variable" owner="BuiltIn">
<msg time="2024-12-06T17:29:12.583611" level="INFO">${username} = example4_8_6_9@gmail.com</msg>
<var>${username}</var>
<arg>${register_user}</arg>
<doc>Returns the given values which can then be assigned to a variables.</doc>
<status status="PASS" start="2024-12-06T17:29:12.583611" elapsed="0.000000"/>
</kw>
<kw name="Open Browser" owner="SeleniumLibrary">
<msg time="2024-12-06T17:29:12.583611" level="INFO">Opening browser 'chrome' to base url 'https://training-platform.doppio-tech.com/'.</msg>
<arg>${URL}</arg>
<arg>chrome</arg>
<doc>Opens a new browser instance to the optional ``url``.</doc>
<status status="PASS" start="2024-12-06T17:29:12.583611" elapsed="2.594232"/>
</kw>
<kw name="Maximize Browser Window" owner="SeleniumLibrary">
<doc>Maximizes current browser window.</doc>
<status status="PASS" start="2024-12-06T17:29:15.177843" elapsed="0.028300"/>
</kw>
<kw name="Register with Username And Password" owner="register_feature">
<kw name="Click User Icon" owner="toolbars">
<kw name="Wait Until Element Is Visible" owner="SeleniumLibrary">
<arg>${user_locator}</arg>
<doc>Waits until the element ``locator`` is visible.</doc>
<status status="PASS" start="2024-12-06T17:29:15.207154" elapsed="0.024932"/>
</kw>
<kw name="Click Element" owner="SeleniumLibrary">
<msg time="2024-12-06T17:29:15.232086" level="INFO">Clicking element 'xpath=//div[@id='app']//span[@aria-label='user']'.</msg>
<arg>${user_locator}</arg>
<doc>Click the element identified by ``locator``.</doc>
<status status="PASS" start="2024-12-06T17:29:15.232086" elapsed="0.126528"/>
</kw>
<status status="PASS" start="2024-12-06T17:29:15.207154" elapsed="0.151460"/>
</kw>
<kw name="Click Register" owner="login">
<kw name="Wait Until Element Is Visible" owner="SeleniumLibrary">
<arg>${signup_page_locator}</arg>
<doc>Waits until the element ``locator`` is visible.</doc>
<status status="PASS" start="2024-12-06T17:29:15.359615" elapsed="0.024180"/>
</kw>
<kw name="Click Element" owner="SeleniumLibrary">
<msg time="2024-12-06T17:29:15.384795" level="INFO">Clicking element 'xpath=//button[@type="button"]'.</msg>
<arg>${signup_page_locator}</arg>
<doc>Click the element identified by ``locator``.</doc>
<status status="PASS" start="2024-12-06T17:29:15.383795" elapsed="0.088316"/>
</kw>
<status status="PASS" start="2024-12-06T17:29:15.358614" elapsed="0.113497"/>
</kw>
<kw name="Input Username" owner="register">
<kw name="Wait Until Element Is Visible" owner="SeleniumLibrary">
<arg>${register_username_locator}</arg>
<doc>Waits until the element ``locator`` is visible.</doc>
<status status="PASS" start="2024-12-06T17:29:15.472111" elapsed="0.022128"/>
</kw>
<kw name="Input Text" owner="SeleniumLibrary">
<msg time="2024-12-06T17:29:15.494239" level="INFO">Typing text 'example4_8_6_9@gmail.com' into text field 'xpath=//input[@id='basic_username']'.</msg>
<arg>${register_username_locator}</arg>
<arg>${username}</arg>
<doc>Types the given ``text`` into the text field identified by ``locator``.</doc>
<status status="PASS" start="2024-12-06T17:29:15.494239" elapsed="0.148759"/>
</kw>
<arg>${username}</arg>
<status status="PASS" start="2024-12-06T17:29:15.472111" elapsed="0.170887"/>
</kw>
<kw name="Input Password" owner="register">
<kw name="Wait Until Element Is Visible" owner="SeleniumLibrary">
<arg>${register_password_locator}</arg>
<doc>Waits until the element ``locator`` is visible.</doc>
<status status="PASS" start="2024-12-06T17:29:15.644537" elapsed="0.016577"/>
</kw>
<kw name="Input Text" owner="SeleniumLibrary">
<msg time="2024-12-06T17:29:15.662144" level="INFO">Typing text 'Testpass_01' into text field 'xpath=//input[@id='basic_password']'.</msg>
<arg>${register_password_locator}</arg>
<arg>${password}</arg>
<doc>Types the given ``text`` into the text field identified by ``locator``.</doc>
<status status="PASS" start="2024-12-06T17:29:15.661114" elapsed="0.088776"/>
</kw>
<arg>${password}</arg>
<status status="PASS" start="2024-12-06T17:29:15.642998" elapsed="0.107895"/>
</kw>
<kw name="Input Confirm Password" owner="register">
<kw name="Wait Until Element Is Visible" owner="SeleniumLibrary">
<arg>${register_confirm_password_locator}</arg>
<doc>Waits until the element ``locator`` is visible.</doc>
<status status="PASS" start="2024-12-06T17:29:15.750893" elapsed="0.026499"/>
</kw>
<kw name="Input Text" owner="SeleniumLibrary">
<msg time="2024-12-06T17:29:15.777392" level="INFO">Typing text 'Testpass_01' into text field 'xpath=//input[@id='basic_confirmPassword']'.</msg>
<arg>${register_confirm_password_locator}</arg>
<arg>${conf_password}</arg>
<doc>Types the given ``text`` into the text field identified by ``locator``.</doc>
<status status="PASS" start="2024-12-06T17:29:15.777392" elapsed="0.091359"/>
</kw>
<arg>${conf_password}</arg>
<status status="PASS" start="2024-12-06T17:29:15.750893" elapsed="0.117858"/>
</kw>
<kw name="Click Sign Up" owner="register">
<kw name="Wait Until Element Is Visible" owner="SeleniumLibrary">
<arg>${signup_btn_locator}</arg>
<doc>Waits until the element ``locator`` is visible.</doc>
<status status="PASS" start="2024-12-06T17:29:15.869775" elapsed="0.021071"/>
</kw>
<kw name="Click Element" owner="SeleniumLibrary">
<msg time="2024-12-06T17:29:15.890846" level="INFO">Clicking element 'xpath=//button[@Type="submit"]'.</msg>
<arg>${signup_btn_locator}</arg>
<doc>Click the element identified by ``locator``.</doc>
<status status="PASS" start="2024-12-06T17:29:15.890846" elapsed="0.065825"/>
</kw>
<status status="PASS" start="2024-12-06T17:29:15.868751" elapsed="0.087920"/>
</kw>
<kw name="Click OK" owner="register">
<kw name="Wait Until Element Is Visible" owner="SeleniumLibrary">
<arg>${register_success_locator}</arg>
<doc>Waits until the element ``locator`` is visible.</doc>
<status status="PASS" start="2024-12-06T17:29:15.956671" elapsed="0.225153"/>
</kw>
<kw name="Click Element" owner="SeleniumLibrary">
<msg time="2024-12-06T17:29:16.182822" level="INFO">Clicking element 'xpath=//button//span[text()='OK']'.</msg>
<arg>${register_success_locator}</arg>
<doc>Click the element identified by ``locator``.</doc>
<status status="PASS" start="2024-12-06T17:29:16.182822" elapsed="0.052431"/>
</kw>
<status status="PASS" start="2024-12-06T17:29:15.956671" elapsed="0.278582"/>
</kw>
<kw name="Verify That Redirect To Home Page When Register Successfully" owner="register">
<kw name="Wait Until Element Is Visible" owner="SeleniumLibrary">
<arg>${homepage_locator}</arg>
<doc>Waits until the element ``locator`` is visible.</doc>
<status status="PASS" start="2024-12-06T17:29:16.236260" elapsed="0.016550"/>
</kw>
<status status="PASS" start="2024-12-06T17:29:16.235253" elapsed="0.017557"/>
</kw>
<arg>${username}</arg>
<arg>${password}</arg>
<arg>${conf_password}</arg>
<status status="PASS" start="2024-12-06T17:29:15.206143" elapsed="1.046667"/>
</kw>
<kw name="Search Product Name And Add Product To Cart" owner="search_feature">
<kw name="Input Product Name" owner="search">
<kw name="Wait Until Element Is Visible" owner="SeleniumLibrary">
<arg>${search_box_locator}</arg>
<doc>Waits until the element ``locator`` is visible.</doc>
<status status="PASS" start="2024-12-06T17:29:16.255859" elapsed="0.240204"/>
</kw>
<kw name="Input Text" owner="SeleniumLibrary">
<msg time="2024-12-06T17:29:16.496063" level="INFO">Typing text 'Phone' into text field 'xpath=//input[@placeholder='input search text']'.</msg>
<arg>${search_box_locator}</arg>
<arg>${product_name}</arg>
<doc>Types the given ``text`` into the text field identified by ``locator``.</doc>
<status status="PASS" start="2024-12-06T17:29:16.496063" elapsed="0.081486"/>
</kw>
<arg>${product_name}</arg>
<status status="PASS" start="2024-12-06T17:29:16.254810" elapsed="0.322739"/>
</kw>
<kw name="Click Search Icon" owner="search">
<kw name="Wait Until Element Is Visible" owner="SeleniumLibrary">
<arg>${search_btn_locator}</arg>
<doc>Waits until the element ``locator`` is visible.</doc>
<status status="PASS" start="2024-12-06T17:29:16.577549" elapsed="0.017536"/>
</kw>
<kw name="Click Element" owner="SeleniumLibrary">
<msg time="2024-12-06T17:29:16.595085" level="INFO">Clicking element 'xpath=//button[@Type='button']'.</msg>
<arg>${search_btn_locator}</arg>
<doc>Click the element identified by ``locator``.</doc>
<status status="PASS" start="2024-12-06T17:29:16.595085" elapsed="0.058696"/>
</kw>
<status status="PASS" start="2024-12-06T17:29:16.577549" elapsed="0.077235"/>
</kw>
<kw name="Select Product" owner="search">
<kw name="Wait Until Element Is Visible" owner="SeleniumLibrary">
<arg>${select_product_locator}</arg>
<doc>Waits until the element ``locator`` is visible.</doc>
<status status="PASS" start="2024-12-06T17:29:16.655296" elapsed="0.252018"/>
</kw>
<kw name="Click Element" owner="SeleniumLibrary">
<msg time="2024-12-06T17:29:16.907314" level="INFO">Clicking element 'xpath=//div[contains(text(),'Doppee')]'.</msg>
<arg>${select_product_locator}</arg>
<doc>Click the element identified by ``locator``.</doc>
<status status="PASS" start="2024-12-06T17:29:16.907314" elapsed="0.070297"/>
</kw>
<status status="PASS" start="2024-12-06T17:29:16.654784" elapsed="0.323335"/>
</kw>
<kw name="Add Product To Cart" owner="product_page">
<kw name="Wait Until Element Is Visible" owner="SeleniumLibrary">
<arg>${add_product_locator}</arg>
<doc>Waits until the element ``locator`` is visible.</doc>
<status status="PASS" start="2024-12-06T17:29:16.978119" elapsed="0.233640"/>
</kw>
<kw name="Click Element" owner="SeleniumLibrary">
<msg time="2024-12-06T17:29:17.211759" level="INFO">Clicking element 'xpath=//span[text()='Add to cart']'.</msg>
<arg>${add_product_locator}</arg>
<doc>Click the element identified by ``locator``.</doc>
<status status="PASS" start="2024-12-06T17:29:17.211759" elapsed="0.056837"/>
</kw>
<status status="PASS" start="2024-12-06T17:29:16.978119" elapsed="0.290477"/>
</kw>
<kw name="Confirm To Add Product" owner="product_page">
<kw name="Wait Until Element Is Visible" owner="SeleniumLibrary">
<arg>${conf_btn_locator}</arg>
<doc>Waits until the element ``locator`` is visible.</doc>
<status status="PASS" start="2024-12-06T17:29:17.268596" elapsed="0.248834"/>
</kw>
<kw name="Click Element" owner="SeleniumLibrary">
<msg time="2024-12-06T17:29:17.518429" level="INFO">Clicking element 'xpath=//span[text()='OK']'.</msg>
<arg>${conf_btn_locator}</arg>
<doc>Click the element identified by ``locator``.</doc>
<status status="PASS" start="2024-12-06T17:29:17.518429" elapsed="0.088381"/>
</kw>
<status status="PASS" start="2024-12-06T17:29:17.268596" elapsed="0.338214"/>
</kw>
<arg>${product_name}</arg>
<status status="PASS" start="2024-12-06T17:29:16.253810" elapsed="1.353000"/>
</kw>
<kw name="Input Delivery Info" owner="cart_feature">
<kw name="Click Cart Icon" owner="toolbars">
<kw name="Wait Until Element Is Visible" owner="SeleniumLibrary">
<arg>${cart_locator}</arg>
<doc>Waits until the element ``locator`` is visible.</doc>
<status status="PASS" start="2024-12-06T17:29:17.607819" elapsed="0.017605"/>
</kw>
<kw name="Click Element" owner="SeleniumLibrary">
<msg time="2024-12-06T17:29:17.625424" level="INFO">Clicking element 'xpath=//div[@id='app']//span[@aria-label='shopping-cart']'.</msg>
<arg>${cart_locator}</arg>
<doc>Click the element identified by ``locator``.</doc>
<status status="PASS" start="2024-12-06T17:29:17.625424" elapsed="0.282610"/>
</kw>
<status status="PASS" start="2024-12-06T17:29:17.607819" elapsed="0.300215"/>
</kw>
<kw name="Verify That Redirect To Delivery Page" owner="cart">
<kw name="Wait Until Element Is Visible" owner="SeleniumLibrary">
<arg>${delivery_page}</arg>
<doc>Waits until the element ``locator`` is visible.</doc>
<status status="PASS" start="2024-12-06T17:29:17.908034" elapsed="0.019666"/>
</kw>
<status status="PASS" start="2024-12-06T17:29:17.908034" elapsed="0.019666"/>
</kw>
<kw name="Input Name" owner="cart">
<kw name="Wait Until Element Is Visible" owner="SeleniumLibrary">
<arg>${name_locator}</arg>
<doc>Waits until the element ``locator`` is visible.</doc>
<status status="PASS" start="2024-12-06T17:29:17.928725" elapsed="0.015521"/>
</kw>
<kw name="Input Text" owner="SeleniumLibrary">
<msg time="2024-12-06T17:29:17.944782" level="INFO">Typing text 'Test' into text field 'xpath=//input[@id='form_item_name']'.</msg>
<arg>${name_locator}</arg>
<arg>${name}</arg>
<doc>Types the given ``text`` into the text field identified by ``locator``.</doc>
<status status="PASS" start="2024-12-06T17:29:17.944246" elapsed="0.074844"/>
</kw>
<kw name="Get Value" owner="SeleniumLibrary">
<msg time="2024-12-06T17:29:18.040782" level="INFO">${entered_name} = Test</msg>
<var>${entered_name}</var>
<arg>${name_locator}</arg>
<doc>Returns the value attribute of the element identified by ``locator``.</doc>
<status status="PASS" start="2024-12-06T17:29:18.020087" elapsed="0.020695"/>
</kw>
<kw name="Should Be Equal" owner="BuiltIn">
<arg>${entered_name}</arg>
<arg>${name}</arg>
<doc>Fails if the given objects are unequal.</doc>
<status status="PASS" start="2024-12-06T17:29:18.040782" elapsed="0.000000"/>
</kw>
<arg>${name}</arg>
<status status="PASS" start="2024-12-06T17:29:17.927700" elapsed="0.113082"/>
</kw>
<kw name="Input Surname" owner="cart">
<kw name="Wait Until Element Is Visible" owner="SeleniumLibrary">
<arg>${surname_locator}</arg>
<doc>Waits until the element ``locator`` is visible.</doc>
<status status="PASS" start="2024-12-06T17:29:18.041825" elapsed="0.013535"/>
</kw>
<kw name="Input Text" owner="SeleniumLibrary">
<msg time="2024-12-06T17:29:18.056708" level="INFO">Typing text 'Lastname' into text field 'xpath=//input[@id='form_item_surName']'.</msg>
<arg>${surname_locator}</arg>
<arg>${surname}</arg>
<doc>Types the given ``text`` into the text field identified by ``locator``.</doc>
<status status="PASS" start="2024-12-06T17:29:18.056708" elapsed="0.068166"/>
</kw>
<kw name="Get Value" owner="SeleniumLibrary">
<msg time="2024-12-06T17:29:18.139143" level="INFO">${entered_surname} = Lastname</msg>
<var>${entered_surname}</var>
<arg>${surname_locator}</arg>
<doc>Returns the value attribute of the element identified by ``locator``.</doc>
<status status="PASS" start="2024-12-06T17:29:18.124874" elapsed="0.014269"/>
</kw>
<kw name="Should Be Equal" owner="BuiltIn">
<arg>${entered_surname}</arg>
<arg>${surname}</arg>
<doc>Fails if the given objects are unequal.</doc>
<status status="PASS" start="2024-12-06T17:29:18.140181" elapsed="0.000000"/>
</kw>
<arg>${surname}</arg>
<status status="PASS" start="2024-12-06T17:29:18.041825" elapsed="0.098356"/>
</kw>
<kw name="Input Shipping Address" owner="cart">
<kw name="Wait Until Element Is Visible" owner="SeleniumLibrary">
<arg>${shipping_add_locator}</arg>
<doc>Waits until the element ``locator`` is visible.</doc>
<status status="PASS" start="2024-12-06T17:29:18.140181" elapsed="0.014108"/>
</kw>
<kw name="Input Text" owner="SeleniumLibrary">
<msg time="2024-12-06T17:29:18.154289" level="INFO">Typing text '999 doppio' into text field 'xpath=//input[@id='form_item_address']'.</msg>
<arg>${shipping_add_locator}</arg>
<arg>${address}</arg>
<doc>Types the given ``text`` into the text field identified by ``locator``.</doc>
<status status="PASS" start="2024-12-06T17:29:18.154289" elapsed="0.070855"/>
</kw>
<kw name="Get Value" owner="SeleniumLibrary">
<msg time="2024-12-06T17:29:18.236583" level="INFO">${entered_shipping} = 999 doppio</msg>
<var>${entered_shipping}</var>
<arg>${shipping_add_locator}</arg>
<doc>Returns the value attribute of the element identified by ``locator``.</doc>
<status status="PASS" start="2024-12-06T17:29:18.225144" elapsed="0.011439"/>
</kw>
<kw name="Should Be Equal" owner="BuiltIn">
<arg>${entered_shipping}</arg>
<arg>${address}</arg>
<doc>Fails if the given objects are unequal.</doc>
<status status="PASS" start="2024-12-06T17:29:18.236583" elapsed="0.001029"/>
</kw>
<arg>${address}</arg>
<status status="PASS" start="2024-12-06T17:29:18.140181" elapsed="0.097431"/>
</kw>
<kw name="Input Phone Number" owner="cart">
<kw name="Wait Until Element Is Visible" owner="SeleniumLibrary">
<arg>${phone_locator}</arg>
<doc>Waits until the element ``locator`` is visible.</doc>
<status status="PASS" start="2024-12-06T17:29:18.237612" elapsed="0.014169"/>
</kw>
<kw name="Input Text" owner="SeleniumLibrary">
<msg time="2024-12-06T17:29:18.251781" level="INFO">Typing text '0864686808' into text field 'xpath=//input[@id='form_item_phone']'.</msg>
<arg>${phone_locator}</arg>
<arg>${phone}</arg>
<doc>Types the given ``text`` into the text field identified by ``locator``.</doc>
<status status="PASS" start="2024-12-06T17:29:18.251781" elapsed="0.069774"/>
</kw>
<kw name="Get Value" owner="SeleniumLibrary">
<msg time="2024-12-06T17:29:18.333719" level="INFO">${entered_phone} = 0864686808</msg>
<var>${entered_phone}</var>
<arg>${phone_locator}</arg>
<doc>Returns the value attribute of the element identified by ``locator``.</doc>
<status status="PASS" start="2024-12-06T17:29:18.321555" elapsed="0.012164"/>
</kw>
<kw name="Should Be Equal" owner="BuiltIn">
<arg>${entered_phone}</arg>
<arg>${phone}</arg>
<doc>Fails if the given objects are unequal.</doc>
<status status="PASS" start="2024-12-06T17:29:18.333719" elapsed="0.001547"/>
</kw>
<arg>${phone}</arg>
<status status="PASS" start="2024-12-06T17:29:18.237612" elapsed="0.097710"/>
</kw>
<kw name="Input Email" owner="cart">
<kw name="Wait Until Element Is Visible" owner="SeleniumLibrary">
<arg>${email_locator}</arg>
<doc>Waits until the element ``locator`` is visible.</doc>
<status status="PASS" start="2024-12-06T17:29:18.335322" elapsed="0.012525"/>
</kw>
<kw name="Input Text" owner="SeleniumLibrary">
<msg time="2024-12-06T17:29:18.348845" level="INFO">Typing text 'example4_8_6_9@gmail.com' into text field 'xpath=//input[@id='form_item_email']'.</msg>
<arg>${email_locator}</arg>
<arg>${email}</arg>
<doc>Types the given ``text`` into the text field identified by ``locator``.</doc>
<status status="PASS" start="2024-12-06T17:29:18.348845" elapsed="0.093770"/>
</kw>
<kw name="Get Value" owner="SeleniumLibrary">
<msg time="2024-12-06T17:29:18.459252" level="INFO">${entered_email} = example4_8_6_9@gmail.com</msg>
<var>${entered_email}</var>
<arg>${email_locator}</arg>
<doc>Returns the value attribute of the element identified by ``locator``.</doc>
<status status="PASS" start="2024-12-06T17:29:18.442615" elapsed="0.016637"/>
</kw>
<kw name="Should Be Equal" owner="BuiltIn">
<arg>${entered_email}</arg>
<arg>${email}</arg>
<doc>Fails if the given objects are unequal.</doc>
<status status="PASS" start="2024-12-06T17:29:18.459252" elapsed="0.000000"/>
</kw>
<arg>${email}</arg>
<status status="PASS" start="2024-12-06T17:29:18.335322" elapsed="0.123930"/>
</kw>
<arg>${name}</arg>
<arg>${sur_name}</arg>
<arg>${shipping_address}</arg>
<arg>${phone}</arg>
<arg>${username}</arg>
<status status="PASS" start="2024-12-06T17:29:17.607819" elapsed="0.851433"/>
</kw>
<kw name="Use Credit Card For Payment" owner="payment_feature">
<kw name="Click Cart Icon" owner="toolbars">
<kw name="Wait Until Element Is Visible" owner="SeleniumLibrary">
<arg>${cart_locator}</arg>
<doc>Waits until the element ``locator`` is visible.</doc>
<status status="PASS" start="2024-12-06T17:29:18.460762" elapsed="0.010573"/>
</kw>
<kw name="Click Element" owner="SeleniumLibrary">
<msg time="2024-12-06T17:29:18.472339" level="INFO">Clicking element 'xpath=//div[@id='app']//span[@aria-label='shopping-cart']'.</msg>
<arg>${cart_locator}</arg>
<doc>Click the element identified by ``locator``.</doc>
<status status="PASS" start="2024-12-06T17:29:18.471335" elapsed="0.048164"/>
</kw>
<status status="PASS" start="2024-12-06T17:29:18.460762" elapsed="0.058737"/>
</kw>
<kw name="Click Pay" owner="cart">
<kw name="Wait Until Element Is Visible" owner="SeleniumLibrary">
<arg>${payment_btn_locator}</arg>
<doc>Waits until the element ``locator`` is visible.</doc>
<status status="PASS" start="2024-12-06T17:29:18.520497" elapsed="0.017797"/>
</kw>
<kw name="Click Element" owner="SeleniumLibrary">
<msg time="2024-12-06T17:29:18.538294" level="INFO">Clicking element 'xpath=//span[text()='PAY']'.</msg>
<arg>${payment_btn_locator}</arg>
<doc>Click the element identified by ``locator``.</doc>
<status status="PASS" start="2024-12-06T17:29:18.538294" elapsed="0.078287"/>
</kw>
<status status="PASS" start="2024-12-06T17:29:18.519499" elapsed="0.097082"/>
</kw>
<kw name="Verify That Payment Method With Credit Card Show When Click PAY" owner="payment">
<kw name="Wait Until Element Is Visible" owner="SeleniumLibrary">
<arg>${payment_method_credit_locator}</arg>
<doc>Waits until the element ``locator`` is visible.</doc>
<status status="PASS" start="2024-12-06T17:29:18.616581" elapsed="0.014607"/>
</kw>
<status status="PASS" start="2024-12-06T17:29:18.616581" elapsed="0.014607"/>
</kw>
<kw name="Click Next" owner="payment">
<kw name="Wait Until Element Is Visible" owner="SeleniumLibrary">
<arg>${next_btn_locator}</arg>
<doc>Waits until the element ``locator`` is visible.</doc>
<status status="PASS" start="2024-12-06T17:29:18.631188" elapsed="0.013677"/>
</kw>
<kw name="Click Element" owner="SeleniumLibrary">
<msg time="2024-12-06T17:29:18.644865" level="INFO">Clicking element 'xpath=//span[text()='Next']'.</msg>
<arg>${next_btn_locator}</arg>
<doc>Click the element identified by ``locator``.</doc>
<status status="PASS" start="2024-12-06T17:29:18.644865" elapsed="0.066096"/>
</kw>
<status status="PASS" start="2024-12-06T17:29:18.631188" elapsed="0.079773"/>
</kw>
<kw name="Input Card Number" owner="payment">
<kw name="Wait Until Element Is Visible" owner="SeleniumLibrary">
<arg>${card_number_locator}</arg>
<doc>Waits until the element ``locator`` is visible.</doc>
<status status="PASS" start="2024-12-06T17:29:18.710961" elapsed="0.014106"/>
</kw>
<kw name="Input Text" owner="SeleniumLibrary">
<msg time="2024-12-06T17:29:18.726130" level="INFO">Typing text '4111111111111111' into text field 'xpath=//input[@id='basic_bin']'.</msg>
<arg>${card_number_locator}</arg>
<arg>${card_number}</arg>
<doc>Types the given ``text`` into the text field identified by ``locator``.</doc>
<status status="PASS" start="2024-12-06T17:29:18.726130" elapsed="0.082802"/>
</kw>
<arg>${card_number}</arg>
<status status="PASS" start="2024-12-06T17:29:18.710961" elapsed="0.097971"/>
</kw>
<kw name="Input Expiration Date" owner="payment">
<kw name="Wait Until Element Is Visible" owner="SeleniumLibrary">
<arg>${expiration_date_locator}</arg>
<doc>Waits until the element ``locator`` is visible.</doc>
<status status="PASS" start="2024-12-06T17:29:18.808932" elapsed="0.019470"/>
</kw>
<kw name="Input Text" owner="SeleniumLibrary">
<msg time="2024-12-06T17:29:18.829429" level="INFO">Typing text '08/2026' into text field 'xpath=//input[@id='basic_exp']'.</msg>
<arg>${expiration_date_locator}</arg>
<arg>${exp_date}</arg>
<doc>Types the given ``text`` into the text field identified by ``locator``.</doc>
<status status="PASS" start="2024-12-06T17:29:18.828402" elapsed="0.068460"/>
</kw>
<arg>${exp_date}</arg>
<status status="PASS" start="2024-12-06T17:29:18.808932" elapsed="0.087930"/>
</kw>
<kw name="Input CV Code" owner="payment">
<kw name="Wait Until Element Is Visible" owner="SeleniumLibrary">
<arg>${cvc_locator}</arg>
<doc>Waits until the element ``locator`` is visible.</doc>
<status status="PASS" start="2024-12-06T17:29:18.897861" elapsed="0.013206"/>
</kw>
<kw name="Input Text" owner="SeleniumLibrary">
<msg time="2024-12-06T17:29:18.911067" level="INFO">Typing text '123' into text field 'xpath=//input[@id='basic_cvc']'.</msg>
<arg>${cvc_locator}</arg>
<arg>${cv_code}</arg>
<doc>Types the given ``text`` into the text field identified by ``locator``.</doc>
<status status="PASS" start="2024-12-06T17:29:18.911067" elapsed="0.057879"/>
</kw>
<arg>${cv_code}</arg>
<status status="PASS" start="2024-12-06T17:29:18.897861" elapsed="0.071085"/>
</kw>
<kw name="Input Card Owner" owner="payment">
<kw name="Wait Until Element Is Visible" owner="SeleniumLibrary">
<arg>${card_owner}</arg>
<doc>Waits until the element ``locator`` is visible.</doc>
<status status="PASS" start="2024-12-06T17:29:18.969896" elapsed="0.013412"/>
</kw>
<kw name="Input Text" owner="SeleniumLibrary">
<msg time="2024-12-06T17:29:18.983308" level="INFO">Typing text 'Name' into text field 'xpath=//input[@id='basic_owner']'.</msg>
<arg>${card_owner}</arg>
<arg>${owner}</arg>
<doc>Types the given ``text`` into the text field identified by ``locator``.</doc>
<status status="PASS" start="2024-12-06T17:29:18.983308" elapsed="0.057303"/>
</kw>
<arg>${owner}</arg>
<status status="PASS" start="2024-12-06T17:29:18.968946" elapsed="0.071665"/>
</kw>
<kw name="Click Confirm Payment" owner="payment">
<kw name="Wait Until Element Is Visible" owner="SeleniumLibrary">
<arg>${conf_payment_btn_locator}</arg>
<doc>Waits until the element ``locator`` is visible.</doc>
<status status="PASS" start="2024-12-06T17:29:19.041636" elapsed="0.016323"/>
</kw>
<kw name="Click Element" owner="SeleniumLibrary">
<msg time="2024-12-06T17:29:19.057959" level="INFO">Clicking element 'xpath=//button[@type="submit"]'.</msg>
<arg>${conf_payment_btn_locator}</arg>
<doc>Click the element identified by ``locator``.</doc>
<status status="PASS" start="2024-12-06T17:29:19.057959" elapsed="0.065909"/>
</kw>
<status status="PASS" start="2024-12-06T17:29:19.041636" elapsed="0.082232"/>
</kw>
<kw name="Click OK" owner="payment">
<kw name="Wait Until Element Is Visible" owner="SeleniumLibrary">
<arg>${payment_success_btn_locator}</arg>
<doc>Waits until the element ``locator`` is visible.</doc>
<status status="PASS" start="2024-12-06T17:29:19.124800" elapsed="0.237848"/>
</kw>
<kw name="Click Element" owner="SeleniumLibrary">
<msg time="2024-12-06T17:29:19.363637" level="INFO">Clicking element 'xpath=//span[text()='OK']'.</msg>
<arg>${payment_success_btn_locator}</arg>
<doc>Click the element identified by ``locator``.</doc>
<status status="PASS" start="2024-12-06T17:29:19.363637" elapsed="0.063762"/>
</kw>
<status status="PASS" start="2024-12-06T17:29:19.124800" elapsed="0.302599"/>
</kw>
<kw name="Verify That Show Order Detail Page When Payment Successfully" owner="payment">
<kw name="Wait Until Element Is Visible" owner="SeleniumLibrary">
<arg>${payment_success_locator}</arg>
<arg>timeout=10s</arg>
<doc>Waits until the element ``locator`` is visible.</doc>
<status status="PASS" start="2024-12-06T17:29:19.427399" elapsed="0.234419"/>
</kw>
<status status="PASS" start="2024-12-06T17:29:19.427399" elapsed="0.234419"/>
</kw>
<kw name="Get Order ID" owner="payment">
<kw name="Wait Until Element Is Visible" owner="SeleniumLibrary">
<arg>${payment_success_locator}</arg>
<doc>Waits until the element ``locator`` is visible.</doc>
<status status="PASS" start="2024-12-06T17:29:19.662819" elapsed="0.012890"/>
</kw>
<kw name="Get Text" owner="SeleniumLibrary">
<msg time="2024-12-06T17:29:19.689135" level="INFO">${order_detail} = ORDER ID: 9182
TOTAL: 19980.00
DELIVERY INFO: Test Lastname
999 doppio
PHONE: 0864686808</msg>
<var>${order_detail}</var>
<arg>${payment_success_locator}</arg>
<doc>Returns the text value of the element identified by ``locator``.</doc>
<status status="PASS" start="2024-12-06T17:29:19.675709" elapsed="0.013426"/>
</kw>
<kw name="Get Line" owner="String">
<msg time="2024-12-06T17:29:19.689135" level="INFO">${id_line} = ORDER ID: 9182</msg>
<var>${id_line}</var>
<arg>${order_detail}</arg>
<arg>0</arg>
<doc>Returns the specified line from the given ``string``.</doc>
<status status="PASS" start="2024-12-06T17:29:19.689135" elapsed="0.000000"/>
</kw>
<kw name="Get Substring" owner="String">
<msg time="2024-12-06T17:29:19.689135" level="INFO">${order_id} = 9182</msg>
<var>${order_id}</var>
<arg>${id_line}</arg>
<arg>-4</arg>
<doc>Returns a substring from ``start`` index to ``end`` index.</doc>
<status status="PASS" start="2024-12-06T17:29:19.689135" elapsed="0.000000"/>
</kw>
<return>
<value>${order_id}</value>
<status status="PASS" start="2024-12-06T17:29:19.689135" elapsed="0.000000"/>
</return>
<status status="PASS" start="2024-12-06T17:29:19.662819" elapsed="0.026316"/>
</kw>
<kw name="Get Order ID" owner="payment">
<kw name="Wait Until Element Is Visible" owner="SeleniumLibrary">
<arg>${payment_success_locator}</arg>
<doc>Waits until the element ``locator`` is visible.</doc>
<status status="PASS" start="2024-12-06T17:29:19.690193" elapsed="0.010089"/>
</kw>
<kw name="Get Text" owner="SeleniumLibrary">
<msg time="2024-12-06T17:29:19.710681" level="INFO">${order_detail} = ORDER ID: 9182
TOTAL: 19980.00
DELIVERY INFO: Test Lastname
999 doppio
PHONE: 0864686808</msg>
<var>${order_detail}</var>
<arg>${payment_success_locator}</arg>
<doc>Returns the text value of the element identified by ``locator``.</doc>
<status status="PASS" start="2024-12-06T17:29:19.700282" elapsed="0.010399"/>
</kw>
<kw name="Get Line" owner="String">
<msg time="2024-12-06T17:29:19.710681" level="INFO">${id_line} = ORDER ID: 9182</msg>
<var>${id_line}</var>
<arg>${order_detail}</arg>
<arg>0</arg>
<doc>Returns the specified line from the given ``string``.</doc>
<status status="PASS" start="2024-12-06T17:29:19.710681" elapsed="0.000000"/>
</kw>
<kw name="Get Substring" owner="String">
<msg time="2024-12-06T17:29:19.711218" level="INFO">${order_id} = 9182</msg>
<var>${order_id}</var>
<arg>${id_line}</arg>
<arg>-4</arg>
<doc>Returns a substring from ``start`` index to ``end`` index.</doc>
<status status="PASS" start="2024-12-06T17:29:19.711218" elapsed="0.000000"/>
</kw>
<return>
<value>${order_id}</value>
<status status="PASS" start="2024-12-06T17:29:19.711218" elapsed="0.000000"/>
</return>
<msg time="2024-12-06T17:29:19.711218" level="INFO">${order_id} = 9182</msg>
<var>${order_id}</var>
<status status="PASS" start="2024-12-06T17:29:19.690193" elapsed="0.021025"/>
</kw>
<return>
<value>${order_id}</value>
<status status="PASS" start="2024-12-06T17:29:19.711218" elapsed="0.000000"/>
</return>
<arg>${card_number}</arg>
<arg>${exp_date}</arg>
<arg>${cv_code}</arg>
<arg>${owner}</arg>
<status status="PASS" start="2024-12-06T17:29:18.459252" elapsed="1.251966"/>
</kw>
<kw name="Get Order ID" owner="payment">
<kw name="Wait Until Element Is Visible" owner="SeleniumLibrary">
<arg>${payment_success_locator}</arg>
<doc>Waits until the element ``locator`` is visible.</doc>
<status status="PASS" start="2024-12-06T17:29:19.712240" elapsed="0.009204"/>
</kw>
<kw name="Get Text" owner="SeleniumLibrary">
<msg time="2024-12-06T17:29:19.730463" level="INFO">${order_detail} = ORDER ID: 9182
TOTAL: 19980.00
DELIVERY INFO: Test Lastname
999 doppio
PHONE: 0864686808</msg>
<var>${order_detail}</var>
<arg>${payment_success_locator}</arg>
<doc>Returns the text value of the element identified by ``locator``.</doc>
<status status="PASS" start="2024-12-06T17:29:19.721444" elapsed="0.009019"/>
</kw>
<kw name="Get Line" owner="String">
<msg time="2024-12-06T17:29:19.730463" level="INFO">${id_line} = ORDER ID: 9182</msg>
<var>${id_line}</var>
<arg>${order_detail}</arg>
<arg>0</arg>
<doc>Returns the specified line from the given ``string``.</doc>
<status status="PASS" start="2024-12-06T17:29:19.730463" elapsed="0.000000"/>
</kw>
<kw name="Get Substring" owner="String">
<msg time="2024-12-06T17:29:19.730463" level="INFO">${order_id} = 9182</msg>
<var>${order_id}</var>
<arg>${id_line}</arg>
<arg>-4</arg>
<doc>Returns a substring from ``start`` index to ``end`` index.</doc>
<status status="PASS" start="2024-12-06T17:29:19.730463" elapsed="0.000000"/>
</kw>
<return>
<value>${order_id}</value>
<status status="PASS" start="2024-12-06T17:29:19.730463" elapsed="0.000000"/>
</return>
<msg time="2024-12-06T17:29:19.731485" level="INFO">${ID} = 9182</msg>
<var>${ID}</var>
<status status="PASS" start="2024-12-06T17:29:19.711218" elapsed="0.020267"/>
</kw>
<kw name="Verify Order Preparing" owner="my_account_feature">
<kw name="Click User Icon" owner="toolbars">
<kw name="Wait Until Element Is Visible" owner="SeleniumLibrary">
<arg>${user_locator}</arg>
<doc>Waits until the element ``locator`` is visible.</doc>
<status status="PASS" start="2024-12-06T17:29:19.732462" elapsed="0.009542"/>
</kw>
<kw name="Click Element" owner="SeleniumLibrary">
<msg time="2024-12-06T17:29:19.742004" level="INFO">Clicking element 'xpath=//div[@id='app']//span[@aria-label='user']'.</msg>
<arg>${user_locator}</arg>
<doc>Click the element identified by ``locator``.</doc>
<status status="PASS" start="2024-12-06T17:29:19.742004" elapsed="0.047661"/>
</kw>
<status status="PASS" start="2024-12-06T17:29:19.732462" elapsed="0.057203"/>
</kw>
<kw name="Verify That Redirect To User Page" owner="my_account">
<kw name="Wait Until Element Is Visible" owner="SeleniumLibrary">
<arg>${user_page}</arg>
<doc>Waits until the element ``locator`` is visible.</doc>
<status status="PASS" start="2024-12-06T17:29:19.789665" elapsed="0.225538"/>
</kw>
<status status="PASS" start="2024-12-06T17:29:19.789665" elapsed="0.225538"/>
</kw>
<kw name="Click Preparing" owner="my_account">
<kw name="Wait Until Element Is Visible" owner="SeleniumLibrary">
<arg>${preparing_locator}</arg>
<doc>Waits until the element ``locator`` is visible.</doc>
<status status="PASS" start="2024-12-06T17:29:20.016211" elapsed="0.013680"/>
</kw>
<kw name="Click Element" owner="SeleniumLibrary">
<msg time="2024-12-06T17:29:20.030891" level="INFO">Clicking element 'xpath=//div[@id='rc-tabs-0-tab-wait for pick and pack']'.</msg>
<arg>${preparing_locator}</arg>
<doc>Click the element identified by ``locator``.</doc>
<status status="PASS" start="2024-12-06T17:29:20.030891" elapsed="0.047737"/>
</kw>
<status status="PASS" start="2024-12-06T17:29:20.016211" elapsed="0.062417"/>
</kw>
<kw name="Verify Order ID" owner="my_account">
<kw name="Replace String" owner="String">
<msg time="2024-12-06T17:29:20.079639" level="INFO">${last_row} = xpath=//div[text()='My Order']/ancestor::div[contains(@class,'ant-card-contain-tabs')]//tbody[@class='ant-table-tbody']/tr[last()]/td[1]</msg>
<var>${last_row}</var>
<arg>${my_order_preparing_locator}</arg>
<arg>{{row}}</arg>
<arg>last()</arg>
<doc>Replaces ``search_for`` in the given ``string`` with ``replace_with``.</doc>
<status status="PASS" start="2024-12-06T17:29:20.079639" elapsed="0.000000"/>
</kw>
<kw name="Verify Text" owner="common">
<kw name="Wait Until Element Is Visible" owner="SeleniumLibrary">
<arg>${locator}</arg>
<doc>Waits until the element ``locator`` is visible.</doc>
<status status="PASS" start="2024-12-06T17:29:20.079639" elapsed="0.014672"/>
</kw>
<kw name="Element Text Should Be" owner="SeleniumLibrary">
<msg time="2024-12-06T17:29:20.094913" level="INFO">Verifying element 'xpath=//div[text()='My Order']/ancestor::div[contains(@class,'ant-card-contain-tabs')]//tbody[@class='ant-table-tbody']/tr[last()]/td[1]' contains exact text '9182'.</msg>
<msg time="2024-12-06T17:29:20.205351" level="INFO" html="true">&lt;/td&gt;&lt;/tr&gt;&lt;tr&gt;&lt;td colspan="3"&gt;&lt;a href="selenium-screenshot-3.png"&gt;&lt;img src="selenium-screenshot-3.png" width="800px"&gt;&lt;/a&gt;</msg>
<msg time="2024-12-06T17:29:20.205351" level="FAIL">The text of element 'xpath=//div[text()='My Order']/ancestor::div[contains(@class,'ant-card-contain-tabs')]//tbody[@class='ant-table-tbody']/tr[last()]/td[1]' should have been '9182' but it was 'No data'.</msg>
<arg>${locator}</arg>
<arg>${expected}</arg>
<doc>Verifies that element ``locator`` contains exact the text ``expected``.</doc>
<status status="FAIL" start="2024-12-06T17:29:20.094311" elapsed="0.112048">The text of element 'xpath=//div[text()='My Order']/ancestor::div[contains(@class,'ant-card-contain-tabs')]//tbody[@class='ant-table-tbody']/tr[last()]/td[1]' should have been '9182' but it was 'No data'.</status>
</kw>
<arg>${last_row}</arg>
<arg>${ID}</arg>
<status status="FAIL" start="2024-12-06T17:29:20.079639" elapsed="0.126720">The text of element 'xpath=//div[text()='My Order']/ancestor::div[contains(@class,'ant-card-contain-tabs')]//tbody[@class='ant-table-tbody']/tr[last()]/td[1]' should have been '9182' but it was 'No data'.</status>
</kw>
<arg>${id}</arg>
<status status="FAIL" start="2024-12-06T17:29:20.079639" elapsed="0.126720">The text of element 'xpath=//div[text()='My Order']/ancestor::div[contains(@class,'ant-card-contain-tabs')]//tbody[@class='ant-table-tbody']/tr[last()]/td[1]' should have been '9182' but it was 'No data'.</status>
</kw>
<arg>${ID}</arg>
<status status="FAIL" start="2024-12-06T17:29:19.731485" elapsed="0.474874">The text of element 'xpath=//div[text()='My Order']/ancestor::div[contains(@class,'ant-card-contain-tabs')]//tbody[@class='ant-table-tbody']/tr[last()]/td[1]' should have been '9182' but it was 'No data'.</status>
</kw>
<kw name="Close Browser" owner="SeleniumLibrary" type="TEARDOWN">
<doc>Closes the current browser.</doc>
<status status="PASS" start="2024-12-06T17:29:20.207371" elapsed="2.142536"/>
</kw>
<status status="FAIL" start="2024-12-06T17:29:12.570138" elapsed="9.782458">The text of element 'xpath=//div[text()='My Order']/ancestor::div[contains(@class,'ant-card-contain-tabs')]//tbody[@class='ant-table-tbody']/tr[last()]/td[1]' should have been '9182' but it was 'No data'.</status>
</test>
<status status="FAIL" start="2024-12-06T17:29:12.344608" elapsed="10.011641"/>
</suite>
<statistics>
<total>
<stat pass="0" fail="1" skip="0">All Tests</stat>
</total>
<tag>
</tag>
<suite>
<stat pass="0" fail="1" skip="0" id="s1" name="Doppee">Doppee</stat>
</suite>
</statistics>
<errors>
<msg time="2024-12-06T17:29:12.544293" level="WARN">Error in file 'C:\Users\Sirot.t\Documents\new-joiner\DoppeeAssignment\Keywords\Pages\payment.robot' on line 69: The '[Return]' setting is deprecated. Use the 'RETURN' statement instead.</msg>
</errors>
</robot>
